# JRE version: Java(TM) SE Runtime Environment (10.0.1+10) (build 10.0.1+10)
# Java VM: Java HotSpot(TM) 64-Bit Server VM (10.0.1+10, mixed mode, tiered, compressed oops, g1 gc, linux-amd64)
Heap:
 garbage-first heap   total 367616K, used 203989K [0x000000008a000000, 0x0000000100000000)
  region size 1024K, 121 young (123904K), 12 survivors (12288K)
 Metaspace       used 72007K, capacity 74368K, committed 74452K, reserved 1114112K
  class space    used 8418K, capacity 9179K, committed 9216K, reserved 1048576K
GC Heap History (10 events):
Event: 6,575 GC heap before
{Heap before GC invocations=15 (full 0):
 garbage-first heap   total 265216K, used 192441K [0x000000008a000000, 0x0000000100000000)
  region size 1024K, 148 young (151552K), 15 survivors (15360K)
 Metaspace       used 58356K, capacity 59965K, committed 60288K, reserved 1101824K
  class space    used 6946K, capacity 7528K, committed 7552K, reserved 1048576K
}
Event: 6,609 GC heap after
{Heap after GC invocations=16 (full 0):
 garbage-first heap   total 265216K, used 71680K [0x000000008a000000, 0x0000000100000000)
  region size 1024K, 19 young (19456K), 19 survivors (19456K)
 Metaspace       used 58356K, capacity 59965K, committed 60288K, reserved 1101824K
  class space    used 6946K, capacity 7528K, committed 7552K, reserved 1048576K
}
Event: 6,712 GC heap before
{Heap before GC invocations=16 (full 0):
 garbage-first heap   total 265216K, used 83968K [0x000000008a000000, 0x0000000100000000)
  region size 1024K, 32 young (32768K), 19 survivors (19456K)
 Metaspace       used 58636K, capacity 60208K, committed 60288K, reserved 1101824K
  class space    used 6966K, capacity 7537K, committed 7552K, reserved 1048576K
}
Event: 6,738 GC heap after
{Heap after GC invocations=17 (full 0):
 garbage-first heap   total 265216K, used 75230K [0x000000008a000000, 0x0000000100000000)
  region size 1024K, 3 young (3072K), 3 survivors (3072K)
 Metaspace       used 58636K, capacity 60208K, committed 60288K, reserved 1101824K
  class space    used 6966K, capacity 7537K, committed 7552K, reserved 1048576K
}
Event: 7,334 GC heap before
{Heap before GC invocations=18 (full 0):
 garbage-first heap   total 265216K, used 155102K [0x000000008a000000, 0x0000000100000000)
  region size 1024K, 81 young (82944K), 3 survivors (3072K)
 Metaspace       used 60039K, capacity 61659K, committed 61908K, reserved 1103872K
  class space    used 7061K, capacity 7675K, committed 7680K, reserved 1048576K
}
Event: 7,345 GC heap after
{Heap after GC invocations=19 (full 0):
 garbage-first heap   total 265216K, used 81130K [0x000000008a000000, 0x0000000100000000)
  region size 1024K, 9 young (9216K), 9 survivors (9216K)
 Metaspace       used 60039K, capacity 61659K, committed 61908K, reserved 1103872K
  class space    used 7061K, capacity 7675K, committed 7680K, reserved 1048576K
}
Event: 8,088 GC heap before
{Heap before GC invocations=20 (full 0):
 garbage-first heap   total 265216K, used 165098K [0x000000008a000000, 0x0000000100000000)
  region size 1024K, 91 young (93184K), 9 survivors (9216K)
 Metaspace       used 61869K, capacity 63566K, committed 63828K, reserved 1105920K
  class space    used 7175K, capacity 7771K, committed 7808K, reserved 1048576K
}
Event: 8,111 GC heap after
{Heap after GC invocations=21 (full 0):
 garbage-first heap   total 367616K, used 88644K [0x000000008a000000, 0x0000000100000000)
  region size 1024K, 8 young (8192K), 8 survivors (8192K)
 Metaspace       used 61869K, capacity 63566K, committed 63828K, reserved 1105920K
  class space    used 7175K, capacity 7771K, committed 7808K, reserved 1048576K
}
Event: 9,624 GC heap before
{Heap before GC invocations=21 (full 0):
 garbage-first heap   total 367616K, used 224836K [0x000000008a000000, 0x0000000100000000)
  region size 1024K, 141 young (144384K), 8 survivors (8192K)
 Metaspace       used 65543K, capacity 67396K, committed 67412K, reserved 1107968K
  class space    used 7657K, capacity 8319K, committed 8320K, reserved 1048576K
}
Event: 9,655 GC heap after
{Heap after GC invocations=22 (full 0):
 garbage-first heap   total 367616K, used 93397K [0x000000008a000000, 0x0000000100000000)
  region size 1024K, 12 young (12288K), 12 survivors (12288K)
 Metaspace       used 65543K, capacity 67396K, committed 67412K, reserved 1107968K
  class space    used 7657K, capacity 8319K, committed 8320K, reserved 1048576K
}

